[debug] [2022-12-13T16:55:29.253Z] ----------------------------------------------------------------------
[debug] [2022-12-13T16:55:29.254Z] Command:       C:\Program Files\nodejs\node.exe C:\Program Files\nodejs\node_modules\firebase-tools\lib\bin\firebase.js init
[debug] [2022-12-13T16:55:29.255Z] CLI Version:   11.18.0
[debug] [2022-12-13T16:55:29.255Z] Platform:      win32
[debug] [2022-12-13T16:55:29.255Z] Node Version:  v16.10.0
[debug] [2022-12-13T16:55:29.256Z] Time:          Tue Dec 13 2022 19:55:29 GMT+0300 (GMT+03:00)
[debug] [2022-12-13T16:55:29.256Z] ----------------------------------------------------------------------
[debug] 
[debug] [2022-12-13T16:55:29.324Z] > command requires scopes: ["email","openid","https://www.googleapis.com/auth/cloudplatformprojects.readonly","https://www.googleapis.com/auth/firebase","https://www.googleapis.com/auth/cloud-platform"]
[debug] [2022-12-13T16:55:29.324Z] > authorizing via signed-in user (n.bartuserttas@gmail.com)
[info] 
     ######## #### ########  ######## ########     ###     ######  ########
     ##        ##  ##     ## ##       ##     ##  ##   ##  ##       ##
     ######    ##  ########  ######   ########  #########  ######  ######
     ##        ##  ##    ##  ##       ##     ## ##     ##       ## ##
     ##       #### ##     ## ######## ########  ##     ##  ######  ########

You're about to initialize a Firebase project in this directory:

  C:\React\react-firebase-chat

Before we get started, keep in mind:

  * You are currently outside your home directory
  * You are initializing within an existing Firebase project directory

[info] 
=== Project Setup
[info] 
[info] First, let's associate this project directory with a Firebase project.
[info] You can create multiple project aliases by running firebase use --add, 
[info] but for now we'll just set up a default project.
[info] 
[debug] [2022-12-13T16:56:26.417Z] Using project from CLI flag: fireship-demos
[debug] [2022-12-13T16:56:26.420Z] >>> [apiv2][query] GET https://firebase.googleapis.com/v1beta1/projects/fireship-demos [none]
[debug] [2022-12-13T16:56:26.797Z] <<< [apiv2][status] GET https://firebase.googleapis.com/v1beta1/projects/fireship-demos 403
[debug] [2022-12-13T16:56:26.798Z] <<< [apiv2][body] GET https://firebase.googleapis.com/v1beta1/projects/fireship-demos {"error":{"code":403,"message":"The caller does not have permission","status":"PERMISSION_DENIED"}}
[debug] [2022-12-13T16:56:26.798Z] HTTP Error: 403, The caller does not have permission
[debug] [2022-12-13T16:56:26.981Z] FirebaseError: HTTP Error: 403, The caller does not have permission
    at responseToError (C:\Users\nbart\AppData\Roaming\nvm\v16.10.0\node_modules\firebase-tools\lib\responseToError.js:49:12)
    at RetryOperation._fn (C:\Users\nbart\AppData\Roaming\nvm\v16.10.0\node_modules\firebase-tools\lib\apiv2.js:288:77)
    at processTicksAndRejections (node:internal/process/task_queues:96:5)
[error] 
[error] Error: Failed to get Firebase project fireship-demos. Please make sure the project exists and your account has permission to access it.
[debug] [2022-12-13T16:56:37.517Z] ----------------------------------------------------------------------
[debug] [2022-12-13T16:56:37.519Z] Command:       C:\Program Files\nodejs\node.exe C:\Program Files\nodejs\node_modules\firebase-tools\lib\bin\firebase.js init
[debug] [2022-12-13T16:56:37.519Z] CLI Version:   11.18.0
[debug] [2022-12-13T16:56:37.519Z] Platform:      win32
[debug] [2022-12-13T16:56:37.519Z] Node Version:  v16.10.0
[debug] [2022-12-13T16:56:37.520Z] Time:          Tue Dec 13 2022 19:56:37 GMT+0300 (GMT+03:00)
[debug] [2022-12-13T16:56:37.520Z] ----------------------------------------------------------------------
[debug] 
[debug] [2022-12-13T16:56:37.579Z] > command requires scopes: ["email","openid","https://www.googleapis.com/auth/cloudplatformprojects.readonly","https://www.googleapis.com/auth/firebase","https://www.googleapis.com/auth/cloud-platform"]
[debug] [2022-12-13T16:56:37.580Z] > authorizing via signed-in user (n.bartuserttas@gmail.com)
[info] 
     ######## #### ########  ######## ########     ###     ######  ########
     ##        ##  ##     ## ##       ##     ##  ##   ##  ##       ##
     ######    ##  ########  ######   ########  #########  ######  ######
     ##        ##  ##    ##  ##       ##     ## ##     ##       ## ##
     ##       #### ##     ## ######## ########  ##     ##  ######  ########

You're about to initialize a Firebase project in this directory:

  C:\React\react-firebase-chat

Before we get started, keep in mind:

  * You are currently outside your home directory
  * You are initializing within an existing Firebase project directory

[info] 
=== Project Setup
[info] 
[info] First, let's associate this project directory with a Firebase project.
[info] You can create multiple project aliases by running firebase use --add, 
[info] but for now we'll just set up a default project.
[info] 
[debug] [2022-12-13T16:57:18.451Z] Using project from CLI flag: fireship-demos
[debug] [2022-12-13T16:57:18.453Z] >>> [apiv2][query] GET https://firebase.googleapis.com/v1beta1/projects/fireship-demos [none]
[debug] [2022-12-13T16:57:18.769Z] <<< [apiv2][status] GET https://firebase.googleapis.com/v1beta1/projects/fireship-demos 403
[debug] [2022-12-13T16:57:18.769Z] <<< [apiv2][body] GET https://firebase.googleapis.com/v1beta1/projects/fireship-demos {"error":{"code":403,"message":"The caller does not have permission","status":"PERMISSION_DENIED"}}
[debug] [2022-12-13T16:57:18.769Z] HTTP Error: 403, The caller does not have permission
[debug] [2022-12-13T16:57:18.944Z] FirebaseError: HTTP Error: 403, The caller does not have permission
    at responseToError (C:\Users\nbart\AppData\Roaming\nvm\v16.10.0\node_modules\firebase-tools\lib\responseToError.js:49:12)
    at RetryOperation._fn (C:\Users\nbart\AppData\Roaming\nvm\v16.10.0\node_modules\firebase-tools\lib\apiv2.js:288:77)
    at processTicksAndRejections (node:internal/process/task_queues:96:5)
[error] 
[error] Error: Failed to get Firebase project fireship-demos. Please make sure the project exists and your account has permission to access it.
[debug] [2022-12-13T16:58:03.074Z] ----------------------------------------------------------------------
[debug] [2022-12-13T16:58:03.076Z] Command:       C:\Program Files\nodejs\node.exe C:\Program Files\nodejs\node_modules\firebase-tools\lib\bin\firebase.js init
[debug] [2022-12-13T16:58:03.076Z] CLI Version:   11.18.0
[debug] [2022-12-13T16:58:03.077Z] Platform:      win32
[debug] [2022-12-13T16:58:03.077Z] Node Version:  v16.10.0
[debug] [2022-12-13T16:58:03.077Z] Time:          Tue Dec 13 2022 19:58:03 GMT+0300 (GMT+03:00)
[debug] [2022-12-13T16:58:03.077Z] ----------------------------------------------------------------------
[debug] 
[debug] [2022-12-13T16:58:03.141Z] > command requires scopes: ["email","openid","https://www.googleapis.com/auth/cloudplatformprojects.readonly","https://www.googleapis.com/auth/firebase","https://www.googleapis.com/auth/cloud-platform"]
[debug] [2022-12-13T16:58:03.141Z] > authorizing via signed-in user (n.bartuserttas@gmail.com)
[info] 
     ######## #### ########  ######## ########     ###     ######  ########
     ##        ##  ##     ## ##       ##     ##  ##   ##  ##       ##
     ######    ##  ########  ######   ########  #########  ######  ######
     ##        ##  ##    ##  ##       ##     ## ##     ##       ## ##
     ##       #### ##     ## ######## ########  ##     ##  ######  ########

You're about to initialize a Firebase project in this directory:

  C:\React\react-firebase-chat

Before we get started, keep in mind:

  * You are currently outside your home directory
  * You are initializing within an existing Firebase project directory

[info] 
=== Project Setup
[info] 
[info] First, let's associate this project directory with a Firebase project.
[info] You can create multiple project aliases by running firebase use --add, 
[info] but for now we'll just set up a default project.
[info] 
[debug] [2022-12-13T16:58:08.163Z] Using project from CLI flag: fireship-demos
[debug] [2022-12-13T16:58:08.165Z] >>> [apiv2][query] GET https://firebase.googleapis.com/v1beta1/projects/fireship-demos [none]
[debug] [2022-12-13T16:58:08.571Z] <<< [apiv2][status] GET https://firebase.googleapis.com/v1beta1/projects/fireship-demos 403
[debug] [2022-12-13T16:58:08.571Z] <<< [apiv2][body] GET https://firebase.googleapis.com/v1beta1/projects/fireship-demos {"error":{"code":403,"message":"The caller does not have permission","status":"PERMISSION_DENIED"}}
[debug] [2022-12-13T16:58:08.571Z] HTTP Error: 403, The caller does not have permission
[debug] [2022-12-13T16:58:08.732Z] FirebaseError: HTTP Error: 403, The caller does not have permission
    at responseToError (C:\Users\nbart\AppData\Roaming\nvm\v16.10.0\node_modules\firebase-tools\lib\responseToError.js:49:12)
    at RetryOperation._fn (C:\Users\nbart\AppData\Roaming\nvm\v16.10.0\node_modules\firebase-tools\lib\apiv2.js:288:77)
    at processTicksAndRejections (node:internal/process/task_queues:96:5)
[error] 
[error] Error: Failed to get Firebase project fireship-demos. Please make sure the project exists and your account has permission to access it.
